[Thu Jul 24 06:47:23.534066 2025] [ssl:warn] [pid 1010827] AH01909: digitalideasltd.in:443:0 server certificate does NOT include an ID which matches the server name
[Thu Jul 24 06:47:23.535770 2025] [ssl:warn] [pid 1010827] AH01909: digitalideasltd.co.uk:443:0 server certificate does NOT include an ID which matches the server name
[Thu Jul 24 06:47:27.883323 2025] [ssl:warn] [pid 1010827] AH01909: digitalideasltd.in:443:0 server certificate does NOT include an ID which matches the server name
[Thu Jul 24 06:47:27.885015 2025] [ssl:warn] [pid 1010827] AH01909: digitalideasltd.co.uk:443:0 server certificate does NOT include an ID which matches the server name
[Thu Jul 24 06:47:29.522389 2025] [ssl:warn] [pid 1010827] AH01909: digitalideasltd.in:443:0 server certificate does NOT include an ID which matches the server name
[Thu Jul 24 06:47:29.524041 2025] [ssl:warn] [pid 1010827] AH01909: digitalideasltd.co.uk:443:0 server certificate does NOT include an ID which matches the server name
[Thu Jul 24 06:47:33.874978 2025] [ssl:warn] [pid 1010827] AH01909: digitalideasltd.in:443:0 server certificate does NOT include an ID which matches the server name
[Thu Jul 24 06:47:33.876626 2025] [ssl:warn] [pid 1010827] AH01909: digitalideasltd.co.uk:443:0 server certificate does NOT include an ID which matches the server name
[Thu Jul 24 20:10:49.574845 2025] [ssl:warn] [pid 1010827] AH01909: digitalideasltd.in:443:0 server certificate does NOT include an ID which matches the server name
[Thu Jul 24 20:10:49.576523 2025] [ssl:warn] [pid 1010827] AH01909: digitalideasltd.co.uk:443:0 server certificate does NOT include an ID which matches the server name
[Thu Jul 24 20:10:53.898081 2025] [ssl:warn] [pid 1010827] AH01909: digitalideasltd.in:443:0 server certificate does NOT include an ID which matches the server name
[Thu Jul 24 20:10:53.899785 2025] [ssl:warn] [pid 1010827] AH01909: digitalideasltd.co.uk:443:0 server certificate does NOT include an ID which matches the server name
[Thu Jul 24 20:10:55.738892 2025] [ssl:warn] [pid 1010827] AH01909: digitalideasltd.in:443:0 server certificate does NOT include an ID which matches the server name
[Thu Jul 24 20:10:55.740713 2025] [ssl:warn] [pid 1010827] AH01909: digitalideasltd.co.uk:443:0 server certificate does NOT include an ID which matches the server name
[Thu Jul 24 20:11:00.088379 2025] [ssl:warn] [pid 1010827] AH01909: digitalideasltd.in:443:0 server certificate does NOT include an ID which matches the server name
[Thu Jul 24 20:11:00.090063 2025] [ssl:warn] [pid 1010827] AH01909: digitalideasltd.co.uk:443:0 server certificate does NOT include an ID which matches the server name
[Fri Jul 25 00:00:02.385283 2025] [ssl:warn] [pid 1010827] AH01909: digitalideasltd.in:443:0 server certificate does NOT include an ID which matches the server name
[Fri Jul 25 00:00:02.387310 2025] [ssl:warn] [pid 1010827] AH01909: digitalideasltd.co.uk:443:0 server certificate does NOT include an ID which matches the server name
[Fri Jul 25 03:46:11.738819 2025] [ssl:warn] [pid 1010827] AH01909: digitalideasltd.in:443:0 server certificate does NOT include an ID which matches the server name
[Fri Jul 25 03:46:11.740543 2025] [ssl:warn] [pid 1010827] AH01909: digitalideasltd.co.uk:443:0 server certificate does NOT include an ID which matches the server name
[Fri Jul 25 03:46:16.103670 2025] [ssl:warn] [pid 1010827] AH01909: digitalideasltd.in:443:0 server certificate does NOT include an ID which matches the server name
[Fri Jul 25 03:46:16.105396 2025] [ssl:warn] [pid 1010827] AH01909: digitalideasltd.co.uk:443:0 server certificate does NOT include an ID which matches the server name
[Fri Jul 25 03:46:17.852239 2025] [ssl:warn] [pid 1010827] AH01909: digitalideasltd.in:443:0 server certificate does NOT include an ID which matches the server name
[Fri Jul 25 03:46:17.853908 2025] [ssl:warn] [pid 1010827] AH01909: digitalideasltd.co.uk:443:0 server certificate does NOT include an ID which matches the server name
[Fri Jul 25 03:46:22.210274 2025] [ssl:warn] [pid 1010827] AH01909: digitalideasltd.in:443:0 server certificate does NOT include an ID which matches the server name
[Fri Jul 25 03:46:22.211973 2025] [ssl:warn] [pid 1010827] AH01909: digitalideasltd.co.uk:443:0 server certificate does NOT include an ID which matches the server name
[Fri Jul 25 06:45:33.382761 2025] [autoindex:error] [pid 1425081] [client 172.70.163.91:56336] AH01276: Cannot serve directory /var/www/demositegarage/public/uploads/: No matching DirectoryIndex (index.html,index.cgi,index.pl,index.php,index.xhtml,index.htm) found, and server-generated directory index forbidden by Options directive, referer: binance.com
[Fri Jul 25 07:47:34.021557 2025] [access_compat:error] [pid 1427405] [client 172.69.195.146:19382] AH01797: client denied by server configuration: /var/www/demositegarage/public/ads.txt
